# JRE version: Java(TM) SE Runtime Environment (18.0+36) (build 18+36-2087)
# Java VM: Java HotSpot(TM) 64-Bit Server VM (18+36-2087, mixed mode, sharing, tiered, compressed oops, compressed class ptrs, g1 gc, windows-amd64)
GC Precious Log:
 CardTable entry size: 512
 Card Set container configuration: InlinePtr #cards 4 size 8 Array Of Cards #cards 16 size 48 Howl #buckets 8 coarsen threshold 3686 Howl Bitmap #cards 512 size 80 coarsen threshold 460 Card regions per heap region 1 cards per card region 4096
 CPUs: 4 total, 4 available
 Memory: 12155M
 Large Page Support: Disabled
 NUMA Support: Disabled
 Compressed Oops: Enabled (Zero based)
 Heap Region Size: 2M
 Heap Min Capacity: 8M
 Heap Initial Capacity: 190M
 Heap Max Capacity: 3040M
 Pre-touch: Disabled
 Parallel Workers: 4
 Concurrent Workers: 1
 Concurrent Refinement Workers: 4
 Periodic GC: Disabled
Heap:
 garbage-first heap   total 364544K, used 49024K [0x0000000742000000, 0x0000000800000000)
  region size 2048K, 16 young (32768K), 1 survivors (2048K)
 Metaspace       used 18954K, committed 19456K, reserved 1114112K
  class space    used 1826K, committed 2048K, reserved 1048576K
GC Heap History (20 events):
Event: 72.085 GC heap before
{Heap before GC invocations=150 (full 0):
 garbage-first heap   total 364544K, used 235341K [0x0000000742000000, 0x0000000800000000)
  region size 2048K, 106 young (217088K), 1 survivors (2048K)
 Metaspace       used 18877K, committed 19392K, reserved 1114112K
  class space    used 1822K, committed 2048K, reserved 1048576K
}
Event: 72.086 GC heap after
{Heap after GC invocations=151 (full 0):
 garbage-first heap   total 364544K, used 22348K [0x0000000742000000, 0x0000000800000000)
  region size 2048K, 1 young (2048K), 1 survivors (2048K)
 Metaspace       used 18877K, committed 19392K, reserved 1114112K
  class space    used 1822K, committed 2048K, reserved 1048576K
}
Event: 72.173 GC heap before
{Heap before GC invocations=151 (full 0):
 garbage-first heap   total 364544K, used 235340K [0x0000000742000000, 0x0000000800000000)
  region size 2048K, 106 young (217088K), 1 survivors (2048K)
 Metaspace       used 18877K, committed 19392K, reserved 1114112K
  class space    used 1822K, committed 2048K, reserved 1048576K
}
Event: 72.174 GC heap after
{Heap after GC invocations=152 (full 0):
 garbage-first heap   total 364544K, used 22347K [0x0000000742000000, 0x0000000800000000)
  region size 2048K, 1 young (2048K), 1 survivors (2048K)
 Metaspace       used 18877K, committed 19392K, reserved 1114112K
  class space    used 1822K, committed 2048K, reserved 1048576K
}
Event: 72.256 GC heap before
{Heap before GC invocations=152 (full 0):
 garbage-first heap   total 364544K, used 235339K [0x0000000742000000, 0x0000000800000000)
  region size 2048K, 106 young (217088K), 1 survivors (2048K)
 Metaspace       used 18878K, committed 19392K, reserved 1114112K
  class space    used 1822K, committed 2048K, reserved 1048576K
}
Event: 72.257 GC heap after
{Heap after GC invocations=153 (full 0):
 garbage-first heap   total 364544K, used 22353K [0x0000000742000000, 0x0000000800000000)
  region size 2048K, 1 young (2048K), 1 survivors (2048K)
 Metaspace       used 18878K, committed 19392K, reserved 1114112K
  class space    used 1822K, committed 2048K, reserved 1048576K
}
Event: 72.324 GC heap before
{Heap before GC invocations=153 (full 0):
 garbage-first heap   total 364544K, used 235345K [0x0000000742000000, 0x0000000800000000)
  region size 2048K, 106 young (217088K), 1 survivors (2048K)
 Metaspace       used 18878K, committed 19392K, reserved 1114112K
  class space    used 1822K, committed 2048K, reserved 1048576K
}
Event: 72.325 GC heap after
{Heap after GC invocations=154 (full 0):
 garbage-first heap   total 364544K, used 22356K [0x0000000742000000, 0x0000000800000000)
  region size 2048K, 1 young (2048K), 1 survivors (2048K)
 Metaspace       used 18878K, committed 19392K, reserved 1114112K
  class space    used 1822K, committed 2048K, reserved 1048576K
}
Event: 72.430 GC heap before
{Heap before GC invocations=154 (full 0):
 garbage-first heap   total 364544K, used 235348K [0x0000000742000000, 0x0000000800000000)
  region size 2048K, 106 young (217088K), 1 survivors (2048K)
 Metaspace       used 18878K, committed 19392K, reserved 1114112K
  class space    used 1822K, committed 2048K, reserved 1048576K
}
Event: 72.431 GC heap after
{Heap after GC invocations=155 (full 0):
 garbage-first heap   total 364544K, used 22354K [0x0000000742000000, 0x0000000800000000)
  region size 2048K, 1 young (2048K), 1 survivors (2048K)
 Metaspace       used 18878K, committed 19392K, reserved 1114112K
  class space    used 1822K, committed 2048K, reserved 1048576K
}
Event: 72.505 GC heap before
{Heap before GC invocations=155 (full 0):
 garbage-first heap   total 364544K, used 235346K [0x0000000742000000, 0x0000000800000000)
  region size 2048K, 106 young (217088K), 1 survivors (2048K)
 Metaspace       used 18878K, committed 19392K, reserved 1114112K
  class space    used 1822K, committed 2048K, reserved 1048576K
}
Event: 72.506 GC heap after
{Heap after GC invocations=156 (full 0):
 garbage-first heap   total 364544K, used 22354K [0x0000000742000000, 0x0000000800000000)
  region size 2048K, 1 young (2048K), 1 survivors (2048K)
 Metaspace       used 18878K, committed 19392K, reserved 1114112K
  class space    used 1822K, committed 2048K, reserved 1048576K
}
Event: 72.579 GC heap before
{Heap before GC invocations=156 (full 0):
 garbage-first heap   total 364544K, used 235346K [0x0000000742000000, 0x0000000800000000)
  region size 2048K, 106 young (217088K), 1 survivors (2048K)
 Metaspace       used 18878K, committed 19392K, reserved 1114112K
  class space    used 1822K, committed 2048K, reserved 1048576K
}
Event: 72.580 GC heap after
{Heap after GC invocations=157 (full 0):
 garbage-first heap   total 364544K, used 22358K [0x0000000742000000, 0x0000000800000000)
  region size 2048K, 1 young (2048K), 1 survivors (2048K)
 Metaspace       used 18878K, committed 19392K, reserved 1114112K
  class space    used 1822K, committed 2048K, reserved 1048576K
}
Event: 72.647 GC heap before
{Heap before GC invocations=157 (full 0):
 garbage-first heap   total 364544K, used 235350K [0x0000000742000000, 0x0000000800000000)
  region size 2048K, 106 young (217088K), 1 survivors (2048K)
 Metaspace       used 18878K, committed 19392K, reserved 1114112K
  class space    used 1822K, committed 2048K, reserved 1048576K
}
Event: 72.648 GC heap after
{Heap after GC invocations=158 (full 0):
 garbage-first heap   total 364544K, used 22354K [0x0000000742000000, 0x0000000800000000)
  region size 2048K, 1 young (2048K), 1 survivors (2048K)
 Metaspace       used 18878K, committed 19392K, reserved 1114112K
  class space    used 1822K, committed 2048K, reserved 1048576K
}
Event: 72.724 GC heap before
{Heap before GC invocations=158 (full 0):
 garbage-first heap   total 364544K, used 235346K [0x0000000742000000, 0x0000000800000000)
  region size 2048K, 106 young (217088K), 1 survivors (2048K)
 Metaspace       used 18878K, committed 19392K, reserved 1114112K
  class space    used 1822K, committed 2048K, reserved 1048576K
}
Event: 72.725 GC heap after
{Heap after GC invocations=159 (full 0):
 garbage-first heap   total 364544K, used 22354K [0x0000000742000000, 0x0000000800000000)
  region size 2048K, 1 young (2048K), 1 survivors (2048K)
 Metaspace       used 18878K, committed 19392K, reserved 1114112K
  class space    used 1822K, committed 2048K, reserved 1048576K
}
Event: 73.675 GC heap before
{Heap before GC invocations=159 (full 0):
 garbage-first heap   total 364544K, used 235346K [0x0000000742000000, 0x0000000800000000)
  region size 2048K, 106 young (217088K), 1 survivors (2048K)
 Metaspace       used 18947K, committed 19456K, reserved 1114112K
  class space    used 1826K, committed 2048K, reserved 1048576K
}
Event: 73.680 GC heap after
{Heap after GC invocations=160 (full 0):
 garbage-first heap   total 364544K, used 22400K [0x0000000742000000, 0x0000000800000000)
  region size 2048K, 1 young (2048K), 1 survivors (2048K)
 Metaspace       used 18947K, committed 19456K, reserved 1114112K
  class space    used 1826K, committed 2048K, reserved 1048576K
}

