# JRE version: Java(TM) SE Runtime Environment (18.0+36) (build 18+36-2087)
# Java VM: Java HotSpot(TM) 64-Bit Server VM (18+36-2087, mixed mode, sharing, tiered, compressed oops, compressed class ptrs, g1 gc, windows-amd64)
GC Precious Log:
 CardTable entry size: 512
 Card Set container configuration: InlinePtr #cards 4 size 8 Array Of Cards #cards 16 size 48 Howl #buckets 8 coarsen threshold 3686 Howl Bitmap #cards 512 size 80 coarsen threshold 460 Card regions per heap region 1 cards per card region 4096
 CPUs: 4 total, 4 available
 Memory: 12155M
 Large Page Support: Disabled
 NUMA Support: Disabled
 Compressed Oops: Enabled (Zero based)
 Heap Region Size: 2M
 Heap Min Capacity: 8M
 Heap Initial Capacity: 190M
 Heap Max Capacity: 3040M
 Pre-touch: Disabled
 Parallel Workers: 4
 Concurrent Workers: 1
 Concurrent Refinement Workers: 4
 Periodic GC: Disabled
Heap:
 garbage-first heap   total 337920K, used 174235K [0x0000000742000000, 0x0000000800000000)
  region size 2048K, 69 young (141312K), 1 survivors (2048K)
 Metaspace       used 18883K, committed 19264K, reserved 1114112K
  class space    used 1782K, committed 1984K, reserved 1048576K
GC Heap History (20 events):
Event: 134.593 GC heap before
{Heap before GC invocations=179 (full 0):
 garbage-first heap   total 337920K, used 237718K [0x0000000742000000, 0x0000000800000000)
  region size 2048K, 99 young (202752K), 1 survivors (2048K)
 Metaspace       used 18808K, committed 19200K, reserved 1114112K
  class space    used 1778K, committed 1984K, reserved 1048576K
}
Event: 134.594 GC heap after
{Heap after GC invocations=180 (full 0):
 garbage-first heap   total 337920K, used 39065K [0x0000000742000000, 0x0000000800000000)
  region size 2048K, 1 young (2048K), 1 survivors (2048K)
 Metaspace       used 18808K, committed 19200K, reserved 1114112K
  class space    used 1778K, committed 1984K, reserved 1048576K
}
Event: 134.644 GC heap before
{Heap before GC invocations=180 (full 0):
 garbage-first heap   total 337920K, used 237721K [0x0000000742000000, 0x0000000800000000)
  region size 2048K, 99 young (202752K), 1 survivors (2048K)
 Metaspace       used 18808K, committed 19200K, reserved 1114112K
  class space    used 1778K, committed 1984K, reserved 1048576K
}
Event: 134.645 GC heap after
{Heap after GC invocations=181 (full 0):
 garbage-first heap   total 337920K, used 39066K [0x0000000742000000, 0x0000000800000000)
  region size 2048K, 1 young (2048K), 1 survivors (2048K)
 Metaspace       used 18808K, committed 19200K, reserved 1114112K
  class space    used 1778K, committed 1984K, reserved 1048576K
}
Event: 134.695 GC heap before
{Heap before GC invocations=181 (full 0):
 garbage-first heap   total 337920K, used 237722K [0x0000000742000000, 0x0000000800000000)
  region size 2048K, 99 young (202752K), 1 survivors (2048K)
 Metaspace       used 18809K, committed 19200K, reserved 1114112K
  class space    used 1778K, committed 1984K, reserved 1048576K
}
Event: 134.696 GC heap after
{Heap after GC invocations=182 (full 0):
 garbage-first heap   total 337920K, used 39066K [0x0000000742000000, 0x0000000800000000)
  region size 2048K, 1 young (2048K), 1 survivors (2048K)
 Metaspace       used 18809K, committed 19200K, reserved 1114112K
  class space    used 1778K, committed 1984K, reserved 1048576K
}
Event: 134.751 GC heap before
{Heap before GC invocations=182 (full 0):
 garbage-first heap   total 337920K, used 237722K [0x0000000742000000, 0x0000000800000000)
  region size 2048K, 99 young (202752K), 1 survivors (2048K)
 Metaspace       used 18809K, committed 19200K, reserved 1114112K
  class space    used 1778K, committed 1984K, reserved 1048576K
}
Event: 134.752 GC heap after
{Heap after GC invocations=183 (full 0):
 garbage-first heap   total 337920K, used 39067K [0x0000000742000000, 0x0000000800000000)
  region size 2048K, 1 young (2048K), 1 survivors (2048K)
 Metaspace       used 18809K, committed 19200K, reserved 1114112K
  class space    used 1778K, committed 1984K, reserved 1048576K
}
Event: 134.818 GC heap before
{Heap before GC invocations=183 (full 0):
 garbage-first heap   total 337920K, used 237723K [0x0000000742000000, 0x0000000800000000)
  region size 2048K, 99 young (202752K), 1 survivors (2048K)
 Metaspace       used 18809K, committed 19200K, reserved 1114112K
  class space    used 1778K, committed 1984K, reserved 1048576K
}
Event: 134.818 GC heap after
{Heap after GC invocations=184 (full 0):
 garbage-first heap   total 337920K, used 39066K [0x0000000742000000, 0x0000000800000000)
  region size 2048K, 1 young (2048K), 1 survivors (2048K)
 Metaspace       used 18809K, committed 19200K, reserved 1114112K
  class space    used 1778K, committed 1984K, reserved 1048576K
}
Event: 134.891 GC heap before
{Heap before GC invocations=184 (full 0):
 garbage-first heap   total 337920K, used 237722K [0x0000000742000000, 0x0000000800000000)
  region size 2048K, 99 young (202752K), 1 survivors (2048K)
 Metaspace       used 18809K, committed 19200K, reserved 1114112K
  class space    used 1778K, committed 1984K, reserved 1048576K
}
Event: 134.892 GC heap after
{Heap after GC invocations=185 (full 0):
 garbage-first heap   total 337920K, used 39064K [0x0000000742000000, 0x0000000800000000)
  region size 2048K, 1 young (2048K), 1 survivors (2048K)
 Metaspace       used 18809K, committed 19200K, reserved 1114112K
  class space    used 1778K, committed 1984K, reserved 1048576K
}
Event: 134.953 GC heap before
{Heap before GC invocations=185 (full 0):
 garbage-first heap   total 337920K, used 237720K [0x0000000742000000, 0x0000000800000000)
  region size 2048K, 99 young (202752K), 1 survivors (2048K)
 Metaspace       used 18809K, committed 19200K, reserved 1114112K
  class space    used 1778K, committed 1984K, reserved 1048576K
}
Event: 134.954 GC heap after
{Heap after GC invocations=186 (full 0):
 garbage-first heap   total 337920K, used 39068K [0x0000000742000000, 0x0000000800000000)
  region size 2048K, 1 young (2048K), 1 survivors (2048K)
 Metaspace       used 18809K, committed 19200K, reserved 1114112K
  class space    used 1778K, committed 1984K, reserved 1048576K
}
Event: 135.009 GC heap before
{Heap before GC invocations=186 (full 0):
 garbage-first heap   total 337920K, used 237724K [0x0000000742000000, 0x0000000800000000)
  region size 2048K, 99 young (202752K), 1 survivors (2048K)
 Metaspace       used 18809K, committed 19200K, reserved 1114112K
  class space    used 1778K, committed 1984K, reserved 1048576K
}
Event: 135.010 GC heap after
{Heap after GC invocations=187 (full 0):
 garbage-first heap   total 337920K, used 39064K [0x0000000742000000, 0x0000000800000000)
  region size 2048K, 1 young (2048K), 1 survivors (2048K)
 Metaspace       used 18809K, committed 19200K, reserved 1114112K
  class space    used 1778K, committed 1984K, reserved 1048576K
}
Event: 135.067 GC heap before
{Heap before GC invocations=187 (full 0):
 garbage-first heap   total 337920K, used 237720K [0x0000000742000000, 0x0000000800000000)
  region size 2048K, 99 young (202752K), 1 survivors (2048K)
 Metaspace       used 18809K, committed 19200K, reserved 1114112K
  class space    used 1778K, committed 1984K, reserved 1048576K
}
Event: 135.067 GC heap after
{Heap after GC invocations=188 (full 0):
 garbage-first heap   total 337920K, used 39065K [0x0000000742000000, 0x0000000800000000)
  region size 2048K, 1 young (2048K), 1 survivors (2048K)
 Metaspace       used 18809K, committed 19200K, reserved 1114112K
  class space    used 1778K, committed 1984K, reserved 1048576K
}
Event: 135.121 GC heap before
{Heap before GC invocations=188 (full 0):
 garbage-first heap   total 337920K, used 237721K [0x0000000742000000, 0x0000000800000000)
  region size 2048K, 99 young (202752K), 1 survivors (2048K)
 Metaspace       used 18809K, committed 19200K, reserved 1114112K
  class space    used 1778K, committed 1984K, reserved 1048576K
}
Event: 135.122 GC heap after
{Heap after GC invocations=189 (full 0):
 garbage-first heap   total 337920K, used 39067K [0x0000000742000000, 0x0000000800000000)
  region size 2048K, 1 young (2048K), 1 survivors (2048K)
 Metaspace       used 18809K, committed 19200K, reserved 1114112K
  class space    used 1778K, committed 1984K, reserved 1048576K
}

