# JRE version: Java(TM) SE Runtime Environment (18.0+36) (build 18+36-2087)
# Java VM: Java HotSpot(TM) 64-Bit Server VM (18+36-2087, mixed mode, sharing, tiered, compressed oops, compressed class ptrs, g1 gc, windows-amd64)
GC Precious Log:
 CardTable entry size: 512
 Card Set container configuration: InlinePtr #cards 4 size 8 Array Of Cards #cards 16 size 48 Howl #buckets 8 coarsen threshold 3686 Howl Bitmap #cards 512 size 80 coarsen threshold 460 Card regions per heap region 1 cards per card region 4096
 CPUs: 4 total, 4 available
 Memory: 12155M
 Large Page Support: Disabled
 NUMA Support: Disabled
 Compressed Oops: Enabled (Zero based)
 Heap Region Size: 2M
 Heap Min Capacity: 8M
 Heap Initial Capacity: 190M
 Heap Max Capacity: 3040M
 Pre-touch: Disabled
 Parallel Workers: 4
 Concurrent Workers: 1
 Concurrent Refinement Workers: 4
 Periodic GC: Disabled
Heap:
 garbage-first heap   total 413696K, used 102789K [0x0000000742000000, 0x0000000800000000)
  region size 2048K, 42 young (86016K), 1 survivors (2048K)
 Metaspace       used 19055K, committed 19456K, reserved 1114112K
  class space    used 1850K, committed 2048K, reserved 1048576K
GC Heap History (20 events):
Event: 108.395 GC heap before
{Heap before GC invocations=134 (full 0):
 garbage-first heap   total 413696K, used 266569K [0x0000000742000000, 0x0000000800000000)
  region size 2048K, 121 young (247808K), 1 survivors (2048K)
 Metaspace       used 18964K, committed 19392K, reserved 1114112K
  class space    used 1846K, committed 2048K, reserved 1048576K
}
Event: 108.396 GC heap after
{Heap after GC invocations=135 (full 0):
 garbage-first heap   total 413696K, used 22857K [0x0000000742000000, 0x0000000800000000)
  region size 2048K, 1 young (2048K), 1 survivors (2048K)
 Metaspace       used 18964K, committed 19392K, reserved 1114112K
  class space    used 1846K, committed 2048K, reserved 1048576K
}
Event: 108.469 GC heap before
{Heap before GC invocations=135 (full 0):
 garbage-first heap   total 413696K, used 266569K [0x0000000742000000, 0x0000000800000000)
  region size 2048K, 121 young (247808K), 1 survivors (2048K)
 Metaspace       used 18964K, committed 19392K, reserved 1114112K
  class space    used 1846K, committed 2048K, reserved 1048576K
}
Event: 108.470 GC heap after
{Heap after GC invocations=136 (full 0):
 garbage-first heap   total 413696K, used 22857K [0x0000000742000000, 0x0000000800000000)
  region size 2048K, 1 young (2048K), 1 survivors (2048K)
 Metaspace       used 18964K, committed 19392K, reserved 1114112K
  class space    used 1846K, committed 2048K, reserved 1048576K
}
Event: 108.542 GC heap before
{Heap before GC invocations=136 (full 0):
 garbage-first heap   total 413696K, used 266569K [0x0000000742000000, 0x0000000800000000)
  region size 2048K, 121 young (247808K), 1 survivors (2048K)
 Metaspace       used 18964K, committed 19392K, reserved 1114112K
  class space    used 1846K, committed 2048K, reserved 1048576K
}
Event: 108.543 GC heap after
{Heap after GC invocations=137 (full 0):
 garbage-first heap   total 413696K, used 22857K [0x0000000742000000, 0x0000000800000000)
  region size 2048K, 1 young (2048K), 1 survivors (2048K)
 Metaspace       used 18964K, committed 19392K, reserved 1114112K
  class space    used 1846K, committed 2048K, reserved 1048576K
}
Event: 108.650 GC heap before
{Heap before GC invocations=137 (full 0):
 garbage-first heap   total 413696K, used 266569K [0x0000000742000000, 0x0000000800000000)
  region size 2048K, 121 young (247808K), 1 survivors (2048K)
 Metaspace       used 18965K, committed 19456K, reserved 1114112K
  class space    used 1846K, committed 2048K, reserved 1048576K
}
Event: 108.651 GC heap after
{Heap after GC invocations=138 (full 0):
 garbage-first heap   total 413696K, used 22858K [0x0000000742000000, 0x0000000800000000)
  region size 2048K, 1 young (2048K), 1 survivors (2048K)
 Metaspace       used 18965K, committed 19456K, reserved 1114112K
  class space    used 1846K, committed 2048K, reserved 1048576K
}
Event: 108.718 GC heap before
{Heap before GC invocations=138 (full 0):
 garbage-first heap   total 413696K, used 266570K [0x0000000742000000, 0x0000000800000000)
  region size 2048K, 121 young (247808K), 1 survivors (2048K)
 Metaspace       used 18965K, committed 19456K, reserved 1114112K
  class space    used 1846K, committed 2048K, reserved 1048576K
}
Event: 108.719 GC heap after
{Heap after GC invocations=139 (full 0):
 garbage-first heap   total 413696K, used 22864K [0x0000000742000000, 0x0000000800000000)
  region size 2048K, 1 young (2048K), 1 survivors (2048K)
 Metaspace       used 18965K, committed 19456K, reserved 1114112K
  class space    used 1846K, committed 2048K, reserved 1048576K
}
Event: 108.790 GC heap before
{Heap before GC invocations=139 (full 0):
 garbage-first heap   total 413696K, used 266576K [0x0000000742000000, 0x0000000800000000)
  region size 2048K, 121 young (247808K), 1 survivors (2048K)
 Metaspace       used 18965K, committed 19456K, reserved 1114112K
  class space    used 1846K, committed 2048K, reserved 1048576K
}
Event: 108.791 GC heap after
{Heap after GC invocations=140 (full 0):
 garbage-first heap   total 413696K, used 22867K [0x0000000742000000, 0x0000000800000000)
  region size 2048K, 1 young (2048K), 1 survivors (2048K)
 Metaspace       used 18965K, committed 19456K, reserved 1114112K
  class space    used 1846K, committed 2048K, reserved 1048576K
}
Event: 108.863 GC heap before
{Heap before GC invocations=140 (full 0):
 garbage-first heap   total 413696K, used 266579K [0x0000000742000000, 0x0000000800000000)
  region size 2048K, 121 young (247808K), 1 survivors (2048K)
 Metaspace       used 18965K, committed 19456K, reserved 1114112K
  class space    used 1846K, committed 2048K, reserved 1048576K
}
Event: 108.864 GC heap after
{Heap after GC invocations=141 (full 0):
 garbage-first heap   total 413696K, used 22868K [0x0000000742000000, 0x0000000800000000)
  region size 2048K, 1 young (2048K), 1 survivors (2048K)
 Metaspace       used 18965K, committed 19456K, reserved 1114112K
  class space    used 1846K, committed 2048K, reserved 1048576K
}
Event: 108.931 GC heap before
{Heap before GC invocations=141 (full 0):
 garbage-first heap   total 413696K, used 266580K [0x0000000742000000, 0x0000000800000000)
  region size 2048K, 121 young (247808K), 1 survivors (2048K)
 Metaspace       used 18965K, committed 19456K, reserved 1114112K
  class space    used 1846K, committed 2048K, reserved 1048576K
}
Event: 108.932 GC heap after
{Heap after GC invocations=142 (full 0):
 garbage-first heap   total 413696K, used 22868K [0x0000000742000000, 0x0000000800000000)
  region size 2048K, 1 young (2048K), 1 survivors (2048K)
 Metaspace       used 18965K, committed 19456K, reserved 1114112K
  class space    used 1846K, committed 2048K, reserved 1048576K
}
Event: 108.999 GC heap before
{Heap before GC invocations=142 (full 0):
 garbage-first heap   total 413696K, used 266580K [0x0000000742000000, 0x0000000800000000)
  region size 2048K, 121 young (247808K), 1 survivors (2048K)
 Metaspace       used 18965K, committed 19456K, reserved 1114112K
  class space    used 1846K, committed 2048K, reserved 1048576K
}
Event: 109.000 GC heap after
{Heap after GC invocations=143 (full 0):
 garbage-first heap   total 413696K, used 22868K [0x0000000742000000, 0x0000000800000000)
  region size 2048K, 1 young (2048K), 1 survivors (2048K)
 Metaspace       used 18965K, committed 19456K, reserved 1114112K
  class space    used 1846K, committed 2048K, reserved 1048576K
}
Event: 109.808 GC heap before
{Heap before GC invocations=143 (full 0):
 garbage-first heap   total 413696K, used 266580K [0x0000000742000000, 0x0000000800000000)
  region size 2048K, 121 young (247808K), 1 survivors (2048K)
 Metaspace       used 19045K, committed 19456K, reserved 1114112K
  class space    used 1850K, committed 2048K, reserved 1048576K
}
Event: 109.809 GC heap after
{Heap after GC invocations=144 (full 0):
 garbage-first heap   total 413696K, used 22917K [0x0000000742000000, 0x0000000800000000)
  region size 2048K, 1 young (2048K), 1 survivors (2048K)
 Metaspace       used 19045K, committed 19456K, reserved 1114112K
  class space    used 1850K, committed 2048K, reserved 1048576K
}

