<?xml version="1.0" encoding="UTF-8" ?>
<testsuite tests="10" failures="0" name="DomainTest.userTest" time="70.095" errors="0" skipped="0">
  <properties>
[...]
</properties>
  <testcase classname="DomainTest.userTest" name="setLastNameTest" time="5.901"/>
  <testcase classname="DomainTest.userTest" name="setPasswordTest" time="5.542"/>
  <testcase classname="DomainTest.userTest" name="setUsernameTest" time="6.266"/>
  <testcase classname="DomainTest.userTest" name="setEmailTest" time="6.134"/>
  <testcase classname="DomainTest.userTest" name="setNameTest" time="6.773"/>
  <testcase classname="DomainTest.userTest" name="setPhoneNumberTest" time="6.965"/>
  <testcase classname="DomainTest.userTest" name="setIdTest" time="7.249"/>
  <testcase classname="DomainTest.userTest" name="setAddressTest" time="8.108"/>
  <testcase classname="DomainTest.userTest" name="setCardNumberTest" time="8.826"/>
  <testcase classname="DomainTest.userTest" name="getOrderListTest" time="8.331"/>
</testsuite>