<?xml version="1.0" encoding="UTF-8" ?>
<testsuite tests="5" failures="0" name="serverTest.ServiceTest" time="0.04" errors="0" skipped="0">
  <properties>
[...]
</properties>
  <testcase classname="serverTest.ServiceTest" name="registerTest" time="0.008"/>
  <testcase classname="serverTest.ServiceTest" name="addOrderTest" time="0.009"/>
  <testcase classname="serverTest.ServiceTest" name="userTest" time="0.007"/>
  <testcase classname="serverTest.ServiceTest" name="getProductListTest" time="0.007"/>
  <testcase classname="serverTest.ServiceTest" name="getUserTest" time="0.009"/>
</testsuite>